android/app/build/intermediates/manifest_merge_blame_file/release/manifest-merger-blame-release-report.txt
1<?xml version="1.0" encoding="utf-8"?>
2<manifest xmlns:android="http://schemas.android.com/apk/res/android"
3    package="com.template"
4    android:versionCode="2"
5    android:versionName="3.1.0" >
6
7    <uses-sdk
8        android:minSdkVersion="21"
8-->src/main/AndroidManifest.xml
9        android:targetSdkVersion="33" />
9-->src/main/AndroidManifest.xml
10
11    <uses-permission android:name="android.permission.INTERNET" />
11-->src/main/AndroidManifest.xml:3:5-67
11-->src/main/AndroidManifest.xml:3:22-64
12    <uses-permission android:name="android.permission.WRITE_EXTERNAL_STORAGE" />
12-->[:react-native-fs] AndroidManifest.xml:7:5-81
12-->[:react-native-fs] AndroidManifest.xml:7:22-78
13    <uses-permission android:name="android.permission.READ_EXTERNAL_STORAGE" />
14
15    <application
15-->src/main/AndroidManifest.xml:5:5-24:19
16        android:name="com.template.MainApplication"
16-->src/main/AndroidManifest.xml:6:7-38
17        android:allowBackup="false"
17-->src/main/AndroidManifest.xml:10:7-34
18        android:appComponentFactory="androidx.core.app.CoreComponentFactory"
18-->[androidx.core:core:1.7.0] AndroidManifest.xml:24:18-86
19        android:icon="@mipmap/ic_launcher"
19-->src/main/AndroidManifest.xml:8:7-41
20        android:label="@string/app_name"
20-->src/main/AndroidManifest.xml:7:7-39
21        android:roundIcon="@mipmap/ic_launcher_round"
21-->src/main/AndroidManifest.xml:9:7-52
22        android:theme="@style/AppTheme" >
22-->src/main/AndroidManifest.xml:11:7-38
23        <activity
23-->src/main/AndroidManifest.xml:12:7-23:18
24            android:name="com.template.MainActivity"
24-->src/main/AndroidManifest.xml:13:9-37
25            android:configChanges="keyboard|keyboardHidden|orientation|screenLayout|screenSize|smallestScreenSize|uiMode"
25-->src/main/AndroidManifest.xml:15:9-118
26            android:exported="true"
26-->src/main/AndroidManifest.xml:18:9-32
27            android:label="@string/app_name"
27-->src/main/AndroidManifest.xml:14:9-41
28            android:launchMode="singleTask"
28-->src/main/AndroidManifest.xml:16:9-40
29            android:windowSoftInputMode="adjustResize" >
29-->src/main/AndroidManifest.xml:17:9-51
30            <intent-filter>
30-->src/main/AndroidManifest.xml:19:9-22:25
31                <action android:name="android.intent.action.MAIN" />
31-->src/main/AndroidManifest.xml:20:13-65
31-->src/main/AndroidManifest.xml:20:21-62
32
33                <category android:name="android.intent.category.LAUNCHER" />
33-->src/main/AndroidManifest.xml:21:13-73
33-->src/main/AndroidManifest.xml:21:23-70
34            </intent-filter>
35        </activity>
36
37        <provider
37-->[androidx.emoji2:emoji2:1.0.0] AndroidManifest.xml:26:9-34:20
38            android:name="androidx.startup.InitializationProvider"
38-->[androidx.emoji2:emoji2:1.0.0] AndroidManifest.xml:27:13-67
39            android:authorities="com.template.androidx-startup"
39-->[androidx.emoji2:emoji2:1.0.0] AndroidManifest.xml:28:13-68
40            android:exported="false" >
40-->[androidx.emoji2:emoji2:1.0.0] AndroidManifest.xml:29:13-37
41            <meta-data
41-->[androidx.emoji2:emoji2:1.0.0] AndroidManifest.xml:31:13-33:52
42                android:name="androidx.emoji2.text.EmojiCompatInitializer"
42-->[androidx.emoji2:emoji2:1.0.0] AndroidManifest.xml:32:17-75
43                android:value="androidx.startup" />
43-->[androidx.emoji2:emoji2:1.0.0] AndroidManifest.xml:33:17-49
44            <meta-data
44-->[androidx.lifecycle:lifecycle-process:2.4.0] AndroidManifest.xml:31:13-33:52
45                android:name="androidx.lifecycle.ProcessLifecycleInitializer"
45-->[androidx.lifecycle:lifecycle-process:2.4.0] AndroidManifest.xml:32:17-78
46                android:value="androidx.startup" />
46-->[androidx.lifecycle:lifecycle-process:2.4.0] AndroidManifest.xml:33:17-49
47        </provider>
48
49        <meta-data
49-->[com.facebook.soloader:soloader:0.10.5] AndroidManifest.xml:12:9-14:37
50            android:name="com.facebook.soloader.enabled"
50-->[com.facebook.soloader:soloader:0.10.5] AndroidManifest.xml:13:13-57
51            android:value="false" />
51-->[com.facebook.soloader:soloader:0.10.5] AndroidManifest.xml:14:13-34
52
53        <activity
53-->[com.jakewharton:process-phoenix:2.1.2] AndroidManifest.xml:8:9-12:75
54            android:name="com.jakewharton.processphoenix.ProcessPhoenix"
54-->[com.jakewharton:process-phoenix:2.1.2] AndroidManifest.xml:9:13-73
55            android:exported="false"
55-->[com.jakewharton:process-phoenix:2.1.2] AndroidManifest.xml:10:13-37
56            android:process=":phoenix"
56-->[com.jakewharton:process-phoenix:2.1.2] AndroidManifest.xml:11:13-39
57            android:theme="@android:style/Theme.Translucent.NoTitleBar" />
57-->[com.jakewharton:process-phoenix:2.1.2] AndroidManifest.xml:12:13-72
58    </application>
59
60</manifest>